<?xml version="1.0" encoding="UTF-8"?>
<testsuite xmlns:xsi="http://www.w3.org/2001/XMLSchema-instance" xsi:noNamespaceSchemaLocation="https://maven.apache.org/surefire/maven-surefire-plugin/xsd/surefire-test-report.xsd" version="3.0.2" name="com.manus.campeonato.CampeonatosTimesApplicationTests" time="5.572" tests="1" errors="0" skipped="0" failures="0">
  <properties>
[...]
</properties>
  <testcase name="contextLoads" classname="com.manus.campeonato.CampeonatosTimesApplicationTests" time="0.378">
    <system-out><![CDATA[21:32:29.433 [main] INFO org.springframework.test.context.support.AnnotationConfigContextLoaderUtils -- Could not detect default configuration classes for test class [com.manus.campeonato.CampeonatosTimesApplicationTests]: CampeonatosTimesApplicationTests does not declare any static, non-private, non-final, nested classes annotated with @Configuration.
21:32:29.536 [main] INFO org.springframework.boot.test.context.SpringBootTestContextBootstrapper -- Found @SpringBootConfiguration com.manus.campeonato.CampeonatosTimesApplication for test class com.manus.campeonato.CampeonatosTimesApplicationTests

  .   ____          _            __ _ _
 /\\ / ___'_ __ _ _(_)_ __  __ _ \ \ \ \
( ( )\___ | '_ | '_| | '_ \/ _` | \ \ \ \
 \\/  ___)| |_)| | | | | || (_| |  ) ) ) )
  '  |____| .__|_| |_|_| |_\__, | / / / /
 =========|_|==============|___/=/_/_/_/

 :: Spring Boot ::                (v3.5.7)

2025-11-14T21:32:29.965-05:00  INFO 4412 --- [campeonatos-times] [           main] c.m.c.CampeonatosTimesApplicationTests   : Starting CampeonatosTimesApplicationTests using Java 21.0.8 with PID 4412 (started by ubuntu in /home/ubuntu/campeonatos-times)
2025-11-14T21:32:29.966-05:00  INFO 4412 --- [campeonatos-times] [           main] c.m.c.CampeonatosTimesApplicationTests   : No active profile set, falling back to 1 default profile: "default"
2025-11-14T21:32:30.606-05:00  INFO 4412 --- [campeonatos-times] [           main] .s.d.r.c.RepositoryConfigurationDelegate : Bootstrapping Spring Data JPA repositories in DEFAULT mode.
2025-11-14T21:32:30.669-05:00  INFO 4412 --- [campeonatos-times] [           main] .s.d.r.c.RepositoryConfigurationDelegate : Finished Spring Data repository scanning in 52 ms. Found 3 JPA repository interfaces.
2025-11-14T21:32:31.070-05:00  INFO 4412 --- [campeonatos-times] [           main] o.hibernate.jpa.internal.util.LogHelper  : HHH000204: Processing PersistenceUnitInfo [name: default]
2025-11-14T21:32:31.128-05:00  INFO 4412 --- [campeonatos-times] [           main] org.hibernate.Version                    : HHH000412: Hibernate ORM core version 6.6.33.Final
2025-11-14T21:32:31.160-05:00  INFO 4412 --- [campeonatos-times] [           main] o.h.c.internal.RegionFactoryInitiator    : HHH000026: Second-level cache disabled
2025-11-14T21:32:31.444-05:00  INFO 4412 --- [campeonatos-times] [           main] o.s.o.j.p.SpringPersistenceUnitInfo      : No LoadTimeWeaver setup: ignoring JPA class transformer
2025-11-14T21:32:31.473-05:00  INFO 4412 --- [campeonatos-times] [           main] com.zaxxer.hikari.HikariDataSource       : HikariPool-1 - Starting...
2025-11-14T21:32:31.720-05:00  INFO 4412 --- [campeonatos-times] [           main] com.zaxxer.hikari.pool.HikariPool        : HikariPool-1 - Added connection conn0: url=jdbc:h2:mem:campeonatosdb user=SA
2025-11-14T21:32:31.724-05:00  INFO 4412 --- [campeonatos-times] [           main] com.zaxxer.hikari.HikariDataSource       : HikariPool-1 - Start completed.
2025-11-14T21:32:31.885-05:00  INFO 4412 --- [campeonatos-times] [           main] org.hibernate.orm.connections.pooling    : HHH10001005: Database info:
	Database JDBC URL [Connecting through datasource 'HikariDataSource (HikariPool-1)']
	Database driver: undefined/unknown
	Database version: 2.3.232
	Autocommit mode: undefined/unknown
	Isolation level: undefined/unknown
	Minimum pool size: undefined/unknown
	Maximum pool size: undefined/unknown
2025-11-14T21:32:33.562-05:00  INFO 4412 --- [campeonatos-times] [           main] o.h.e.t.j.p.i.JtaPlatformInitiator       : HHH000489: No JTA platform available (set 'hibernate.transaction.jta.platform' to enable JTA platform integration)
2025-11-14T21:32:33.576-05:00 DEBUG 4412 --- [campeonatos-times] [           main] org.hibernate.SQL                        : 
    drop table if exists campeonato cascade 
Hibernate: 
    drop table if exists campeonato cascade 
2025-11-14T21:32:33.581-05:00 DEBUG 4412 --- [campeonatos-times] [           main] org.hibernate.SQL                        : 
    drop table if exists participacao cascade 
Hibernate: 
    drop table if exists participacao cascade 
2025-11-14T21:32:33.581-05:00 DEBUG 4412 --- [campeonatos-times] [           main] org.hibernate.SQL                        : 
    drop table if exists time cascade 
Hibernate: 
    drop table if exists time cascade 
2025-11-14T21:32:33.586-05:00 DEBUG 4412 --- [campeonatos-times] [           main] org.hibernate.SQL                        : 
    create table campeonato (
        data_final date not null,
        data_inicial date not null,
        id bigint generated by default as identity,
        nome varchar(255) not null unique,
        primary key (id)
    )
Hibernate: 
    create table campeonato (
        data_final date not null,
        data_inicial date not null,
        id bigint generated by default as identity,
        nome varchar(255) not null unique,
        primary key (id)
    )
2025-11-14T21:32:33.597-05:00 DEBUG 4412 --- [campeonatos-times] [           main] org.hibernate.SQL                        : 
    create table participacao (
        colocacao integer not null,
        pontuacao integer not null,
        campeonato_id bigint not null,
        id bigint generated by default as identity,
        time_id bigint not null,
        primary key (id)
    )
Hibernate: 
    create table participacao (
        colocacao integer not null,
        pontuacao integer not null,
        campeonato_id bigint not null,
        id bigint generated by default as identity,
        time_id bigint not null,
        primary key (id)
    )
2025-11-14T21:32:33.599-05:00 DEBUG 4412 --- [campeonatos-times] [           main] org.hibernate.SQL                        : 
    create table time (
        id bigint generated by default as identity,
        cidade varchar(255),
        nome varchar(255) not null unique,
        primary key (id)
    )
Hibernate: 
    create table time (
        id bigint generated by default as identity,
        cidade varchar(255),
        nome varchar(255) not null unique,
        primary key (id)
    )
2025-11-14T21:32:33.600-05:00 DEBUG 4412 --- [campeonatos-times] [           main] org.hibernate.SQL                        : 
    alter table if exists participacao 
       add constraint FKjkg183dqgy6b9y2g3um2nn2wh 
       foreign key (campeonato_id) 
       references campeonato
Hibernate: 
    alter table if exists participacao 
       add constraint FKjkg183dqgy6b9y2g3um2nn2wh 
       foreign key (campeonato_id) 
       references campeonato
2025-11-14T21:32:33.613-05:00 DEBUG 4412 --- [campeonatos-times] [           main] org.hibernate.SQL                        : 
    alter table if exists participacao 
       add constraint FKj0m2r6iagwag4dwmhnqfg1vos 
       foreign key (time_id) 
       references time
Hibernate: 
    alter table if exists participacao 
       add constraint FKj0m2r6iagwag4dwmhnqfg1vos 
       foreign key (time_id) 
       references time
2025-11-14T21:32:33.618-05:00  INFO 4412 --- [campeonatos-times] [           main] j.LocalContainerEntityManagerFactoryBean : Initialized JPA EntityManagerFactory for persistence unit 'default'
2025-11-14T21:32:34.035-05:00  WARN 4412 --- [campeonatos-times] [           main] JpaBaseConfiguration$JpaWebConfiguration : spring.jpa.open-in-view is enabled by default. Therefore, database queries may be performed during view rendering. Explicitly configure spring.jpa.open-in-view to disable this warning
2025-11-14T21:32:34.359-05:00  INFO 4412 --- [campeonatos-times] [           main] o.s.b.a.h2.H2ConsoleAutoConfiguration    : H2 console available at '/h2-console'. Database available at 'jdbc:h2:mem:campeonatosdb'
2025-11-14T21:32:34.452-05:00  INFO 4412 --- [campeonatos-times] [           main] c.m.c.CampeonatosTimesApplicationTests   : Started CampeonatosTimesApplicationTests in 4.78 seconds (process running for 5.747)
]]></system-out>
    <system-err><![CDATA[Mockito is currently self-attaching to enable the inline-mock-maker. This will no longer work in future releases of the JDK. Please add Mockito as an agent to your build as described in Mockito's documentation: https://javadoc.io/doc/org.mockito/mockito-core/latest/org.mockito/org/mockito/Mockito.html#0.3
WARNING: A Java agent has been loaded dynamically (/home/ubuntu/.m2/repository/net/bytebuddy/byte-buddy-agent/1.17.8/byte-buddy-agent-1.17.8.jar)
WARNING: If a serviceability tool is in use, please run with -XX:+EnableDynamicAgentLoading to hide this warning
WARNING: If a serviceability tool is not in use, please run with -Djdk.instrument.traceUsage for more information
WARNING: Dynamic loading of agents will be disallowed by default in a future release
]]></system-err>
  </testcase>
</testsuite>